app/build/intermediates/manifest_merge_blame_file/debug/manifest-merger-blame-debug-report.txt
1<?xml version="1.0" encoding="utf-8"?>
2<manifest xmlns:android="http://schemas.android.com/apk/res/android"
3    package="com.example.tinder_roush"
4    android:versionCode="1"
5    android:versionName="1.0" >
6
7    <uses-sdk
8        android:minSdkVersion="21"
8-->src/main/AndroidManifest.xml
9        android:targetSdkVersion="32" />
9-->src/main/AndroidManifest.xml
10
11    <uses-permission android:name="android.permission.INTERNET" />
11-->src/main/AndroidManifest.xml:5:5-67
11-->src/main/AndroidManifest.xml:5:22-64
12
13    <application
13-->src/main/AndroidManifest.xml:7:5-34:19
14        android:allowBackup="true"
14-->src/main/AndroidManifest.xml:8:9-35
15        android:appComponentFactory="androidx.core.app.CoreComponentFactory"
15-->[androidx.core:core:1.7.0] AndroidManifest.xml:24:18-86
16        android:debuggable="true"
17        android:icon="@mipmap/ic_launcher"
17-->src/main/AndroidManifest.xml:9:9-43
18        android:label="@string/app_name"
18-->src/main/AndroidManifest.xml:10:9-41
19        android:roundIcon="@mipmap/ic_launcher_round"
19-->src/main/AndroidManifest.xml:11:9-54
20        android:supportsRtl="true"
20-->src/main/AndroidManifest.xml:12:9-35
21        android:testOnly="true"
22        android:theme="@style/Theme.Tinderroush" >
22-->src/main/AndroidManifest.xml:13:9-49
23        <activity
23-->src/main/AndroidManifest.xml:14:9-16:40
24            android:name="com.example.tinder_roush.Register.SuccesRegisterActivity"
24-->src/main/AndroidManifest.xml:15:13-60
25            android:exported="false" />
25-->src/main/AndroidManifest.xml:16:13-37
26        <activity
26-->src/main/AndroidManifest.xml:17:9-26:20
27            android:name="com.example.tinder_roush.Wizard.OnboardingActivity"
27-->src/main/AndroidManifest.xml:18:13-54
28            android:exported="true"
28-->src/main/AndroidManifest.xml:19:13-36
29            android:theme="@style/SplashScreen" >
29-->src/main/AndroidManifest.xml:20:13-48
30            <intent-filter>
30-->src/main/AndroidManifest.xml:21:13-25:29
31                <action android:name="android.intent.action.MAIN" />
31-->src/main/AndroidManifest.xml:22:17-69
31-->src/main/AndroidManifest.xml:22:25-66
32
33                <category android:name="android.intent.category.LAUNCHER" />
33-->src/main/AndroidManifest.xml:24:17-77
33-->src/main/AndroidManifest.xml:24:27-74
34            </intent-filter>
35        </activity>
36        <activity android:name="com.example.tinder_roush.Login.LoginActivities" />
36-->src/main/AndroidManifest.xml:27:9-59
36-->src/main/AndroidManifest.xml:27:19-56
37        <activity
37-->src/main/AndroidManifest.xml:28:9-30:40
38            android:name="com.example.tinder_roush.Home.HomeActivity"
38-->src/main/AndroidManifest.xml:29:13-46
39            android:exported="false" />
39-->src/main/AndroidManifest.xml:30:13-37
40        <activity
40-->src/main/AndroidManifest.xml:31:9-33:40
41            android:name="com.example.tinder_roush.RecoveryPassword.RecoveryPasswordActivity"
41-->src/main/AndroidManifest.xml:32:13-70
42            android:exported="false" />
42-->src/main/AndroidManifest.xml:33:13-37
43
44        <provider
44-->[com.squareup.picasso:picasso:2.71828] AndroidManifest.xml:8:9-11:40
45            android:name="com.squareup.picasso.PicassoProvider"
45-->[com.squareup.picasso:picasso:2.71828] AndroidManifest.xml:9:13-64
46            android:authorities="com.example.tinder_roush.com.squareup.picasso"
46-->[com.squareup.picasso:picasso:2.71828] AndroidManifest.xml:10:13-72
47            android:exported="false" />
47-->[com.squareup.picasso:picasso:2.71828] AndroidManifest.xml:11:13-37
48        <provider
48-->[androidx.emoji2:emoji2:1.0.0] AndroidManifest.xml:26:9-34:20
49            android:name="androidx.startup.InitializationProvider"
49-->[androidx.emoji2:emoji2:1.0.0] AndroidManifest.xml:27:13-67
50            android:authorities="com.example.tinder_roush.androidx-startup"
50-->[androidx.emoji2:emoji2:1.0.0] AndroidManifest.xml:28:13-68
51            android:exported="false" >
51-->[androidx.emoji2:emoji2:1.0.0] AndroidManifest.xml:29:13-37
52            <meta-data
52-->[androidx.emoji2:emoji2:1.0.0] AndroidManifest.xml:31:13-33:52
53                android:name="androidx.emoji2.text.EmojiCompatInitializer"
53-->[androidx.emoji2:emoji2:1.0.0] AndroidManifest.xml:32:17-75
54                android:value="androidx.startup" />
54-->[androidx.emoji2:emoji2:1.0.0] AndroidManifest.xml:33:17-49
55            <meta-data
55-->[androidx.lifecycle:lifecycle-process:2.4.0] AndroidManifest.xml:31:13-33:52
56                android:name="androidx.lifecycle.ProcessLifecycleInitializer"
56-->[androidx.lifecycle:lifecycle-process:2.4.0] AndroidManifest.xml:32:17-78
57                android:value="androidx.startup" />
57-->[androidx.lifecycle:lifecycle-process:2.4.0] AndroidManifest.xml:33:17-49
58        </provider>
59    </application>
60
61</manifest>